✓Изменения в версии 5.14:
Добавлены пункты:
"Распаковать все образы"
"Создание своего ключа подписи AVB"
"Подпись boot(recovery).img с выбором ключа"
При сборке образов в ext4, в структуру AVB будут добавлены prop'ы(если имелись).
При сборке boot(recovery).img образ будет подписан тестовым ключом(если подпись имелась)

✓Изменения в версии 5.13:
Исправления распаковки и сборки.
В "Прочие инструменты" добавлен пункт: "Извлечение публичного ключа подписи AVB"

✓Изменения в версии 5.12:
Исправлены ошибки при сборке образов.

✓Изменения в версии 5.11:
Добавлен пункт сборки, распакованных образов erofs в ext4.(7-1-4 и 7-2-4)(Не поддерживается на 32-битных прошивках).
По-прежнему не все образы с erofs распаковываются корректно, в таком случае программа сообщит о некорректном извлечении файлов, и распакованная папка будет недоступна для сборки в ext4.
Исправлена склейка целого файла из отдельных образов.
Поправлено извлечение образов из payload.bin

✓Изменения в версии 5.10:
При сборке с размером папки, добавил ввод желаемого размера свободного места для собираемого образа.
Думаю, актуально для образов из super.img, где нужно регулировать размер.
После сборки, свободное место может отличаться на несколько мб от введённого числа.
Если ничего не вводить, то образ соберётся без свободного места.
Убрал пункт: "Добавить N mb к размеру и собрать .img"
Поправил склейку целого файла из отдельных образов.

✓Изменения в версии 5.9:
Исправления в коде распаковки образов с файловой системой "erofs".
После распаковки прошивки .ofp добавлено меню выбора региона для склейки super.img.
Продолжение тестирования версии 5.9.
Добавлена пока, только распаковка образов с файловой системой "erofs".
Не все образы будут распаковываться.
Просьба тестить и писать результаты.
Протестируйте распаковку payload.bin, должно быстрее извлекать образы.
Также изменил код склейки образов, разбитых на части.

✓Изменения в версии 5.8:
Исправления работы кухни на андроид 11.
Сделано автоматическое завершение процессов, мешающих размонтированию образов.

✓Изменения в версии 5.7:
В Прочие инструменты, добавил пункт "Распаковка прошивок .ofp".
Просьба тестировать этот пункт и писать результат.
Если прошивка не распаковывается, то пишите в теме и давайте ссылку на неё.
Изменил код сборки super.img.
Неправильно собранные образы, должны нормально собираться.

✓Изменения в версии 5.6:
Обновлён python до версии 3.9.7
Исправлена распаковка образов с расширением .PARTITION
Добавлен вывод размера raw образа при сборке, размеры также сохраняются в папке config, в файлах: xxx_size.txt(размер при распаковке), ххх_size_out.txt(размер при сборке).
Добавлен вывод свободного места в собранном образе.
Исправлено, сохранение образа в произвольную папку, при сборке.
Добавил вывод свободного места в собранном образе.
Поправил, сохранение образа в произвольную папку, при сборке.

✓Изменения в версии 5.4:
Переделал пункт "Распаковка прошивок .img" в "Прочих инструментах".
Пункт будет работать, если UKA установлен на 64-битной прошивке.
Поддержка распаковки общего образа .img (Rockchip, Alwinner, Amlogic).
Добавил пункт "Конвертация .img -> .br" в "Сборка и конвертация в .br"

✓Изменения в версии 5.3:
Сделал на пробу в "Прочих инструментах", пункт перепаковки прошивок .img пока для Rockchip, UKA должен быть установлен на 64-битной прошивке, на 32-битной пробовал сделать, но там прошивка а11 не распаковывается, поэтому пока так.

✓Изменения в версии: 5.2.1:
Внёс изменения в перепаковку boot/recovery
Добавил запись "Prop:" в структуру AVB при сборке boot/recovery.

✓Изменения в версии: 5.2
Некоторые изменения в коде.
Добавлены пункты: "Патч vbmeta", "Просмотр структуры AVB файла", также на всякий случай добавил пункт "Патч boot.img(32bit, SAR) для magisk".
Добавлена возможность сохранения super.img из текущей прошивки в sparse.
Внёс правки в определение версии и битности ядра при распаковке boot(recovery).img

✓Изменения в версии: 5.1
Некоторые изменения в коде.
Добавлен AIK-mobile v3.8

✓Изменения в версии: 5.0
Добавлена конвертация и распаковка образов .sin.
Теперь распакованная папка имеет имя: "имя распакованного файла без расширения", при сборке, будет "имя распакованного файла без расширения" + "new.img(.new.dat)(.new dat.br)"

✓Изменения в версии: 4.9.9
Добавлен пункт "Распаковка из последней использованной папки".
При распаковке добавлен показ информации о количестве свободного места.
При распаковке и сборке super.img добавлен показ информации о свободном месте в нём.
Добавлен пункт "Извлечение образов из super.img текущей прошивки"(образ не сохраняется в отдельный файл, а сразу извлекаются образы, для экономии места).
Исправлено извлечение super.img из update.app.
Образы теперь собираются с отключенным журналированием.
Поправил распаковку system_ext.new.dat.br.

✓Изменения в версии: 4.9.8
Добавлена автоматическая запись в fs_config при сборке образа.

✓Изменения в версии: 4.9.7
Добавлено извлечение образов из UPDATE.APP.
Изменено извлечение образов из payload.bin, теперь нужно ввести путь к папке, в которой находится файл, вместо его копирования или переноса в папку /data/local/UnpackerPayload.

✓Изменения в версии: 4.9.6
Различные исправления.

✓Изменения в версии: 4.9.5
Основные изменения:
★Добавлено:
Создание образа из раздела памяти текущей прошивки.
Распаковка(конвертация) .ozip.
Перепаковка super.img.
Возможность перепаковки образов с любым именем.
Возможность ввода пути к папке сохранения выходного образа при сборке.
Сборка .dat, .br с вводом своего размера и с размером папки для сборки.
Добавлен python3.9, вместо python3.6 и python3.4.2.
Добавлена склейка super.img.
Обновлён AIK-mobile до версии 3.7.

✓Изменения в версии: 4.9.1
Исправление сборки образов с андроид 9-10.

✓Изменения в версии: 4.8
Версия универсальная, т.е без разницы есть make_ext4fs или нет.
Для экономии места в /data, добавил возможность распаковки и монтирования образов *.img из любой папки(нужно ввести путь), также при распаковке .dat, .br, образ .img будет в той же папке, что и файлы: .dat, .br.
Сборка sparse-образа производится сразу в sparse, без предварительной конвертации, т.е как и раньше в версии для телефонов, имеющих make_ext4fs.
Добавлено восстановление симлинков, т.е можно в любое время восстановить симлинки, которые были в образе при распаковке. Пункт меню: Сборка .img -> Восстановление симлинков.
Обновлен AIK-mobile до версии 3.6, в ней ramdisk.img 96mb.

✓Изменения в версии: 4.7
Исправлены баги при распаковке, конвертации и другие исправления в скриптах.
По причине:
"Если в распакованном образе есть пробелы в именах папок или файлов, то make_ex4fs не соберёт такой образ, пока не переименуете файлы, и не исправите записи в fs_config.
Следовательно, добавлять в распакованный образ папки и файлы с пробелами тоже нельзя."
Добавил автоматическую замену пробелов в именах файлов(если есть конечно), исправление записей в fs_config, file_contexts на нижнее подчёркивание при распаковке образа.
На всякий случай, пути к файлам с пробелами сохраняются в /data/local/UnpackerSystem/config/xxx_space.txt

✓Изменения в версии: 4.6
Добавлен помощник записи в fs_config.
Обновлен Aik-mobile, broli, пунктов в некоторых меню стало меньше, изменены некоторые скрипты.

✓Изменения в версии: 4.5
Установленный busybox не нужен(если без него будут проблемы, то пишите в теме).
Обновлен Aik-mobile до версии 3.3.
Добавлена распаковка payload.bin. Дпя распаковки положить payload.bin в папку: /data/local/UnpackerPayload, в menu выбрать: Распаковка .img -> Распаковать payload.bin и терпеливо ждём, т.к распаковка длится довольно долго.
Добавлен выбор сборки sparse.img или raw.img, и выбор сборки с оригинальным размером образа, либо с вводом своего размера.
Изменен скрипт установки.

✓Изменения в версии: 4.4
Некоторые изменения в скриптах.
Добавлена склейка system.img из отдельных образов(из прошивки под Qfil).
Для склейки, поместить все system_xx и файл rawprogram0.xml или rawprogram_unsparse.xml в папку: /data/local/UnpackerQfil.
Выбрать "Меню: Распаковка .img" > "Склеить образ из прошивки под Qfil".
Будет получен "system.raw.img" в папке: /data/local/UnpackerQfil. Дальше можно производить действия, как с обычным .img.

✓Изменения в версии: 4.3
Некоторые изменения в скриптах.
Теперь file_contexts автоматически создаётся для образа, который распаковывается, и значит использовать его можно, только для сборки этого же образа.
Файлы system(vendor)_file_contexts и system(vendor)_fs_config будут находится в папке: /data/local/UnpackerSystem/config, если надо, то их также можно редактировать, перемещать и переименовывать не нужно.
Сборка образа будет произведена с file_contexts, полученным при распаковке.
Для сборки с file_contexts, полученным из boot.img, нужно как и раньше положить его в папку: /data/local/UnpackerSystem.
После сборки или распаковки, сторонний file_contexts будет удалён.
Файлы из: /data/local/UnpackerSystem/config, а также папки "system" или "vendor" из: /data/local/UnpackerSystem, удаляются только после распаковки следующего образа.

✓Изменения в версии: 4.2
Добавлено монтирование raw-образов *.img в папку: /data/local/имя raw-образа без расширения .img.
Для монтирования использовать, соответствующий пункт меню, и raw-образ должен находится в папке:/data/local/UnpackerSystem.
Не забывайте отмонтировать образ.
Добавлено полное удаление unpack-android из меню.

✓Изменения в версии: 4.1
Запуск файла install_sef.sh занесён в меню, в пункт: Извлечение file_contexts; подпункт: Установка конфигурации.
Запустить нужно только один раз.
Добавлен выбор файлов .img(не более 5ти) для распаковки в папке /data/local/UnpackerSystem
При распаковке будут удалены, папки: "system", либо "vendor"; файлы: *_fs_config и *_pack.sh от предыдущей распаковки.
Добавлен выбор степени сжатия для конвертации *.new.dat в br.
Для уменьшения времени конвертации, сжатие можно выбрать 3-5( максимально 7).
Добавлен AIK-mobile.
Для распаковки, положить файл в папку: /data/local/AIK-mobile, в меню: "распаковать boot" выбрать файл.
Для упаковки, использовать пункт: "упаковать boot".
Собранный файл будет находиться в папке: /data/local/AIK-mobile с именем boot-output.img.
Для очистки рабочей папки, также использовать, соответствующий пункт. Исходный и выходной файлы, не будут удалены.
AIK-mobile можно полностью удалить с телефона прямо из меню.
Если, по какой то причине не хотите прошивать AIK-mobile, то удалите из архива, файл "AIK.Mobile.Installer.v3.2.zip", и прошивайте "unpack-android_4.1.zip" без этого файла.

✓Изменения в версии: 4.0
Добавлено меню.